<?xml version="1.0" encoding="UTF-8"?>
<!-- Generated by org.testng.reporters.JUnitXMLReporter -->
<testsuite hostname="DESKTOP-27TENOO" ignored="0" name="Default test" tests="3" failures="0" timestamp="14 Jun 2022 12:07:27 GMT" time="54.885" errors="0">
  <testcase name="amazon" time="9.307" classname="org.testingng.Tree"/>
  <testcase name="fb" time="4.762" classname="org.testingng.Tree"/>
  <testcase name="flipkart" time="14.746" classname="org.testingng.Tree"/>
</testsuite> <!-- Default test -->
