<?xml version="1.0" encoding="UTF-8"?>
<!-- Generated by org.testng.reporters.JUnitXMLReporter -->
<testsuite hostname="DESKTOP-27TENOO" ignored="2" name="Test(failed)(failed)" tests="1" failures="0" timestamp="16 Jun 2022 05:07:42 GMT" time="40.273" errors="0">
  <testcase name="tc22" time="40.181" classname="com.testingtestng.Pencil"/>
  <testcase name="tc23" time="0.0" classname="com.testingtestng.Pencil">
    <ignored/>
  </testcase> <!-- tc23 -->
  <testcase name="tc21" time="0.0" classname="com.testingtestng.Pencil">
    <ignored/>
  </testcase> <!-- tc21 -->
</testsuite> <!-- Test(failed)(failed) -->
