<?xml version="1.0" encoding="UTF-8"?>
<testng-results skipped="0" failed="0" ignored="0" total="6" passed="6">
  <reporter-output>
  </reporter-output>
  <suite name="Suite" duration-ms="177135" started-at="2022-06-20T13:17:26Z" finished-at="2022-06-20T13:20:23Z">
    <groups>
    </groups>
    <test name="chromeTest" duration-ms="48616" started-at="2022-06-20T13:17:26Z" finished-at="2022-06-20T13:18:15Z">
      <class name="com.testingtestng.CrossBrowser">
        <test-method status="PASS" signature="tc1(java.lang.String)[pri:0, instance:com.testingtestng.CrossBrowser@464bee09]" name="tc1" duration-ms="35538" started-at="2022-06-20T13:17:26Z" finished-at="2022-06-20T13:18:02Z">
          <params>
            <param index="0">
              <value>
                <![CDATA[chrome]]>
              </value>
            </param>
          </params>
          <reporter-output>
          </reporter-output>
        </test-method> <!-- tc1 -->
        <test-method status="PASS" signature="tc2(java.lang.String)[pri:0, instance:com.testingtestng.CrossBrowser@464bee09]" name="tc2" duration-ms="12969" started-at="2022-06-20T13:18:02Z" finished-at="2022-06-20T13:18:15Z">
          <params>
            <param index="0">
              <value>
                <![CDATA[chrome]]>
              </value>
            </param>
          </params>
          <reporter-output>
          </reporter-output>
        </test-method> <!-- tc2 -->
      </class> <!-- com.testingtestng.CrossBrowser -->
    </test> <!-- chromeTest -->
    <test name="edgeTest" duration-ms="64594" started-at="2022-06-20T13:18:15Z" finished-at="2022-06-20T13:19:20Z">
      <class name="com.testingtestng.CrossBrowser">
        <test-method status="PASS" signature="tc1(java.lang.String)[pri:0, instance:com.testingtestng.CrossBrowser@4566e5bd]" name="tc1" duration-ms="49887" started-at="2022-06-20T13:18:15Z" finished-at="2022-06-20T13:19:05Z">
          <params>
            <param index="0">
              <value>
                <![CDATA[edge]]>
              </value>
            </param>
          </params>
          <reporter-output>
          </reporter-output>
        </test-method> <!-- tc1 -->
        <test-method status="PASS" signature="tc2(java.lang.String)[pri:0, instance:com.testingtestng.CrossBrowser@4566e5bd]" name="tc2" duration-ms="14675" started-at="2022-06-20T13:19:05Z" finished-at="2022-06-20T13:19:20Z">
          <params>
            <param index="0">
              <value>
                <![CDATA[edge]]>
              </value>
            </param>
          </params>
          <reporter-output>
          </reporter-output>
        </test-method> <!-- tc2 -->
      </class> <!-- com.testingtestng.CrossBrowser -->
    </test> <!-- edgeTest -->
    <test name="firefoxTest" duration-ms="63831" started-at="2022-06-20T13:19:20Z" finished-at="2022-06-20T13:20:23Z">
      <class name="com.testingtestng.CrossBrowser">
        <test-method status="PASS" signature="tc1(java.lang.String)[pri:0, instance:com.testingtestng.CrossBrowser@3159c4b8]" name="tc1" duration-ms="43435" started-at="2022-06-20T13:19:20Z" finished-at="2022-06-20T13:20:03Z">
          <params>
            <param index="0">
              <value>
                <![CDATA[firefox]]>
              </value>
            </param>
          </params>
          <reporter-output>
          </reporter-output>
        </test-method> <!-- tc1 -->
        <test-method status="PASS" signature="tc2(java.lang.String)[pri:0, instance:com.testingtestng.CrossBrowser@3159c4b8]" name="tc2" duration-ms="20365" started-at="2022-06-20T13:20:03Z" finished-at="2022-06-20T13:20:23Z">
          <params>
            <param index="0">
              <value>
                <![CDATA[firefox]]>
              </value>
            </param>
          </params>
          <reporter-output>
          </reporter-output>
        </test-method> <!-- tc2 -->
      </class> <!-- com.testingtestng.CrossBrowser -->
    </test> <!-- firefoxTest -->
  </suite> <!-- Suite -->
</testng-results>
